TN:
SF:src/App.tsx
FN:7,App
FN:15,(anonymous_1)
FNF:2
FNH:0
FNDA:0,App
FNDA:0,(anonymous_1)
DA:8,0
DA:10,0
DA:16,0
LF:3
LH:0
BRDA:19,0,0,0
BRDA:19,0,1,0
BRDA:22,1,0,0
BRDA:22,1,1,0
BRF:4
BRH:0
end_of_record
TN:
SF:src/interfaces/question.ts
FNF:0
FNH:0
LF:0
LH:0
BRF:0
BRH:0
end_of_record
TN:
SF:src/interfaces/quiz.ts
FNF:0
FNH:0
LF:0
LH:0
BRF:0
BRH:0
end_of_record
TN:
SF:src/quizzer/AddQuizModal.tsx
FN:4,(anonymous_0)
FN:15,(anonymous_1)
FN:33,(anonymous_2)
FN:42,(anonymous_3)
FN:50,(anonymous_4)
FNF:5
FNH:2
FNDA:31,(anonymous_0)
FNDA:1,(anonymous_1)
FNDA:0,(anonymous_2)
FNDA:0,(anonymous_3)
FNDA:0,(anonymous_4)
DA:4,1
DA:13,31
DA:14,31
DA:15,31
DA:16,1
DA:17,1
DA:18,1
DA:19,1
DA:22,31
DA:35,0
DA:43,0
DA:51,0
DA:52,0
DA:53,0
LF:14
LH:9
BRF:0
BRH:0
end_of_record
TN:
SF:src/quizzer/QuestionEdit.tsx
FN:7,(anonymous_0)
FN:23,(anonymous_1)
FN:26,(anonymous_2)
FN:38,(anonymous_3)
FN:48,(anonymous_4)
FN:53,(anonymous_5)
FN:66,(anonymous_6)
FN:89,(anonymous_7)
FN:162,(anonymous_8)
FN:177,(anonymous_9)
FN:196,(anonymous_10)
FN:216,(anonymous_11)
FN:225,(anonymous_12)
FN:241,(anonymous_13)
FN:250,(anonymous_14)
FNF:15
FNH:6
FNDA:54,(anonymous_0)
FNDA:53,(anonymous_1)
FNDA:0,(anonymous_2)
FNDA:1,(anonymous_3)
FNDA:0,(anonymous_4)
FNDA:0,(anonymous_5)
FNDA:0,(anonymous_6)
FNDA:0,(anonymous_7)
FNDA:0,(anonymous_8)
FNDA:81,(anonymous_9)
FNDA:0,(anonymous_10)
FNDA:2,(anonymous_11)
FNDA:0,(anonymous_12)
FNDA:1,(anonymous_13)
FNDA:0,(anonymous_14)
DA:7,1
DA:22,54
DA:23,53
DA:26,54
DA:27,0
DA:29,0
DA:30,0
DA:38,54
DA:39,1
DA:40,1
DA:48,54
DA:49,0
DA:50,0
DA:53,54
DA:57,0
DA:58,0
DA:59,0
DA:66,54
DA:67,0
DA:68,0
DA:69,0
DA:75,54
DA:92,0
DA:165,0
DA:178,81
DA:199,0
DA:217,2
DA:226,0
DA:242,1
DA:251,0
LF:30
LH:14
BRDA:29,0,0,0
BRDA:29,0,1,0
BRDA:62,1,0,0
BRDA:62,1,1,0
BRDA:111,2,0,13
BRDA:111,2,1,41
BRDA:142,3,0,54
BRDA:142,3,1,27
BRDA:157,4,0,54
BRDA:157,4,1,27
BRDA:173,5,0,54
BRDA:173,5,1,27
BRF:12
BRH:8
end_of_record
TN:
SF:src/quizzer/QuizCard.tsx
FN:7,(anonymous_0)
FN:15,(anonymous_1)
FN:24,(anonymous_2)
FNF:3
FNH:3
FNDA:85,(anonymous_0)
FNDA:336,(anonymous_1)
FNDA:10,(anonymous_2)
DA:7,1
DA:14,85
DA:16,336
DA:19,85
DA:25,10
LF:5
LH:5
BRDA:16,0,0,336
BRDA:16,0,1,285
BRDA:16,0,2,151
BRDA:32,1,0,85
BRDA:32,1,1,0
BRF:5
BRH:4
end_of_record
TN:
SF:src/quizzer/QuizEdit.tsx
FN:9,(anonymous_0)
FN:24,(anonymous_1)
FN:28,(anonymous_2)
FN:33,(anonymous_3)
FN:37,(anonymous_4)
FN:42,(anonymous_5)
FN:46,(anonymous_6)
FN:50,(anonymous_7)
FN:68,(anonymous_8)
FN:85,(anonymous_9)
FN:100,(anonymous_10)
FN:108,(anonymous_11)
FN:124,(anonymous_12)
FN:150,(anonymous_13)
FN:163,(anonymous_14)
FNF:15
FNH:11
FNDA:13,(anonymous_0)
FNDA:2,(anonymous_1)
FNDA:8,(anonymous_2)
FNDA:0,(anonymous_3)
FNDA:0,(anonymous_4)
FNDA:5,(anonymous_5)
FNDA:2,(anonymous_6)
FNDA:8,(anonymous_7)
FNDA:0,(anonymous_8)
FNDA:2,(anonymous_9)
FNDA:0,(anonymous_10)
FNDA:54,(anonymous_11)
FNDA:1,(anonymous_12)
FNDA:5,(anonymous_13)
FNDA:1,(anonymous_14)
DA:9,1
DA:22,13
DA:24,13
DA:25,2
DA:28,8
DA:33,13
DA:34,0
DA:37,0
DA:42,13
DA:43,5
DA:46,13
DA:47,2
DA:51,8
DA:52,6
DA:53,4
DA:59,13
DA:71,0
DA:88,2
DA:101,0
DA:109,54
DA:125,1
DA:151,5
DA:152,5
DA:164,1
DA:165,1
LF:25
LH:21
BRDA:28,0,0,2
BRDA:28,0,1,6
BRDA:51,1,0,2
BRDA:51,1,1,6
BRDA:52,2,0,2
BRDA:52,2,1,4
BRF:6
BRH:6
end_of_record
TN:
SF:src/quizzer/QuizExpanded.tsx
FN:9,(anonymous_0)
FN:21,(anonymous_1)
FN:30,(anonymous_2)
FN:37,(anonymous_3)
FN:41,(anonymous_4)
FN:42,(anonymous_5)
FN:45,(anonymous_6)
FN:50,(anonymous_7)
FN:57,(anonymous_8)
FN:61,(anonymous_9)
FN:79,(anonymous_10)
FN:96,(anonymous_11)
FNF:12
FNH:12
FNDA:20,(anonymous_0)
FNDA:81,(anonymous_1)
FNDA:2,(anonymous_2)
FNDA:46,(anonymous_3)
FNDA:2,(anonymous_4)
FNDA:2,(anonymous_5)
FNDA:7,(anonymous_6)
FNDA:28,(anonymous_7)
FNDA:2,(anonymous_8)
FNDA:8,(anonymous_9)
FNDA:6,(anonymous_10)
FNDA:46,(anonymous_11)
DA:9,1
DA:20,20
DA:22,81
DA:25,20
DA:26,20
DA:30,20
DA:31,2
DA:32,2
DA:33,2
DA:36,20
DA:37,46
DA:41,20
DA:42,2
DA:45,20
DA:46,7
DA:47,7
DA:50,28
DA:54,7
DA:57,20
DA:58,2
DA:61,8
DA:65,20
DA:80,6
DA:81,6
DA:97,46
LF:25
LH:25
BRDA:22,0,0,81
BRDA:22,0,1,72
BRDA:22,0,2,44
BRDA:61,1,0,2
BRDA:61,1,1,6
BRDA:72,2,0,20
BRDA:72,2,1,0
BRF:7
BRH:6
end_of_record
TN:
SF:src/quizzer/QuizList.tsx
FN:8,(anonymous_0)
FN:21,(anonymous_1)
FN:25,(anonymous_2)
FN:33,(anonymous_3)
FN:45,(anonymous_4)
FNF:5
FNH:5
FNDA:41,(anonymous_0)
FNDA:10,(anonymous_1)
FNDA:1,(anonymous_2)
FNDA:85,(anonymous_3)
FNDA:205,(anonymous_4)
DA:8,1
DA:19,41
DA:21,41
DA:22,10
DA:25,41
DA:26,1
DA:29,41
DA:34,85
DA:46,205
DA:47,24
LF:10
LH:10
BRDA:31,0,0,41
BRDA:31,0,1,17
BRDA:46,1,0,24
BRDA:46,1,1,181
BRF:4
BRH:4
end_of_record
TN:
SF:src/quizzer/QuizQuestion.tsx
FN:8,(anonymous_0)
FN:23,(anonymous_1)
FN:29,(anonymous_2)
FN:61,(anonymous_3)
FNF:4
FNH:4
FNDA:46,(anonymous_0)
FNDA:2,(anonymous_1)
FNDA:2,(anonymous_2)
FNDA:72,(anonymous_3)
DA:8,1
DA:23,46
DA:24,2
DA:25,2
DA:29,46
DA:30,2
DA:31,2
DA:32,2
DA:36,46
DA:62,72
LF:10
LH:10
BRDA:24,0,0,2
BRDA:24,0,1,0
BRDA:31,1,0,2
BRDA:31,1,1,0
BRDA:45,2,0,3
BRDA:45,2,1,43
BRDA:49,3,0,46
BRDA:49,3,1,22
BRDA:58,4,0,46
BRDA:58,4,1,24
BRDA:76,5,0,2
BRDA:76,5,1,44
BRDA:77,6,0,4
BRDA:77,6,1,42
BRF:14
BRH:12
end_of_record
TN:
SF:src/quizzer/QuizView.tsx
FN:8,(anonymous_0)
FN:16,(anonymous_1)
FNF:2
FNH:2
FNDA:24,(anonymous_0)
FNDA:11,(anonymous_1)
DA:8,1
DA:14,24
DA:16,24
DA:17,11
DA:20,24
LF:5
LH:5
BRDA:22,0,0,24
BRDA:22,0,1,6
BRDA:31,1,0,24
BRDA:31,1,1,18
BRF:4
BRH:4
end_of_record
TN:
SF:src/quizzer/Quizzer.tsx
FN:11,(anonymous_0)
FN:14,(anonymous_1)
FN:23,(anonymous_2)
FN:27,editQuiz
FN:29,(anonymous_4)
FN:33,addQuiz
FN:44,deleteQuiz
FN:45,(anonymous_7)
FN:48,(anonymous_8)
FN:49,(anonymous_9)
FNF:10
FNH:10
FNDA:5,(anonymous_0)
FNDA:20,(anonymous_1)
FNDA:31,(anonymous_2)
FNDA:14,editQuiz
FNDA:70,(anonymous_4)
FNDA:1,addQuiz
FNDA:1,deleteQuiz
FNDA:5,(anonymous_7)
FNDA:1,(anonymous_8)
FNDA:1,(anonymous_9)
DA:10,1
DA:11,5
DA:14,20
DA:23,1
DA:24,31
DA:25,31
DA:28,14
DA:29,70
DA:34,1
DA:41,1
DA:45,5
DA:48,31
DA:49,31
DA:51,31
LF:14
LH:14
BRDA:29,0,0,14
BRDA:29,0,1,56
BRF:2
BRH:2
end_of_record
